<?xml version="1.0" encoding="UTF-8"?>
<!-- Generated by org.testng.reporters.JUnitXMLReporter -->
<testsuite ignored="0" hostname="LAPTOP-OUL494H3" failures="1" tests="8" name="Master Test" time="66.228" errors="0" timestamp="2023-09-21T20:29:18 IST">
  <testcase classname="ui.GroupsTest" name="test1" time="0.008"/>
  <testcase classname="ui.GroupsTest" name="test2" time="0.002"/>
  <testcase classname="ui.GroupsTest" name="test3" time="0.003"/>
  <testcase classname="ui.GroupsTest" name="test4" time="0.006"/>
  <testcase classname="ui.TestTitleAndText" name="testTitle" time="56.211">
    <failure type="java.lang.AssertionError" message="The following asserts failed:
	expected [Electronics,Cars, Fashion, Collectibles &amp;amp; More | eBay] but found [Electronics, Cars, Fashion, Collectibles &amp;amp; More | eBay]">
      <![CDATA[java.lang.AssertionError: The following asserts failed:
expected [Electronics,Cars, Fashion, Collectibles & More | eBay] but found [Electronics, Cars, Fashion, Collectibles & More | eBay]
at ui.TestTitleAndText.testTitle(TestTitleAndText.java:40)
at java.base/java.util.ArrayList.forEach(ArrayList.java:1511)
... Removed 29 stack frames]]>
    </failure>
  </testcase> <!-- testTitle -->
  <testcase classname="ui.LoginTest" name="test1" time="0.002"/>
  <testcase classname="ui.LoginTest" name="test2" time="0.003"/>
  <testcase classname="ui.TitleVerification" name="testTitle" time="9.849"/>
</testsuite> <!-- Master Test -->
